# JRE version: Java(TM) SE Runtime Environment (8.0_172-b11) (build 1.8.0_172-b11)
# Java VM: Java HotSpot(TM) 64-Bit Server VM (25.172-b11 mixed mode linux-amd64 compressed oops)
Heap:
 PSYoungGen      total 135168K, used 8694K [0x00000000ebe00000, 0x00000000f4b00000, 0x0000000100000000)
  eden space 126464K, 0% used [0x00000000ebe00000,0x00000000ebe00000,0x00000000f3980000)
  from space 8704K, 99% used [0x00000000f3980000,0x00000000f41fda40,0x00000000f4200000)
  to   space 8192K, 0% used [0x00000000f4200000,0x00000000f4200000,0x00000000f4a00000)
 ParOldGen       total 39424K, used 13687K [0x00000000c3a00000, 0x00000000c6080000, 0x00000000ebe00000)
  object space 39424K, 34% used [0x00000000c3a00000,0x00000000c475dc10,0x00000000c6080000)
 Metaspace       used 27125K, capacity 27954K, committed 28288K, reserved 1073152K
  class space    used 3305K, capacity 3604K, committed 3712K, reserved 1048576K
GC Heap History (10 events):
Event: 3,923 GC heap after
Heap after GC invocations=5 (full 0):
 PSYoungGen      total 34304K, used 2544K [0x00000000ebe00000, 0x00000000f0b00000, 0x0000000100000000)
  eden space 31744K, 0% used [0x00000000ebe00000,0x00000000ebe00000,0x00000000edd00000)
  from space 2560K, 99% used [0x00000000edd00000,0x00000000edf7c010,0x00000000edf80000)
  to   space 7680K, 0% used [0x00000000f0380000,0x00000000f0380000,0x00000000f0b00000)
 ParOldGen       total 42496K, used 10148K [0x00000000c3a00000, 0x00000000c6380000, 0x00000000ebe00000)
  object space 42496K, 23% used [0x00000000c3a00000,0x00000000c43e91a8,0x00000000c6380000)
 Metaspace       used 16199K, capacity 16614K, committed 16768K, reserved 1064960K
  class space    used 1967K, capacity 2095K, committed 2176K, reserved 1048576K
}
Event: 7,917 GC heap before
{Heap before GC invocations=6 (full 0):
 PSYoungGen      total 34304K, used 34288K [0x00000000ebe00000, 0x00000000f0b00000, 0x0000000100000000)
  eden space 31744K, 100% used [0x00000000ebe00000,0x00000000edd00000,0x00000000edd00000)
  from space 2560K, 99% used [0x00000000edd00000,0x00000000edf7c010,0x00000000edf80000)
  to   space 7680K, 0% used [0x00000000f0380000,0x00000000f0380000,0x00000000f0b00000)
 ParOldGen       total 42496K, used 10148K [0x00000000c3a00000, 0x00000000c6380000, 0x00000000ebe00000)
  object space 42496K, 23% used [0x00000000c3a00000,0x00000000c43e91a8,0x00000000c6380000)
 Metaspace       used 17912K, capacity 18378K, committed 18560K, reserved 1064960K
  class space    used 2208K, capacity 2361K, committed 2432K, reserved 1048576K
Event: 7,955 GC heap after
Heap after GC invocations=6 (full 0):
 PSYoungGen      total 71168K, used 5396K [0x00000000ebe00000, 0x00000000f0b00000, 0x0000000100000000)
  eden space 63488K, 0% used [0x00000000ebe00000,0x00000000ebe00000,0x00000000efc00000)
  from space 7680K, 70% used [0x00000000f0380000,0x00000000f08c5200,0x00000000f0b00000)
  to   space 7680K, 0% used [0x00000000efc00000,0x00000000efc00000,0x00000000f0380000)
 ParOldGen       total 42496K, used 10148K [0x00000000c3a00000, 0x00000000c6380000, 0x00000000ebe00000)
  object space 42496K, 23% used [0x00000000c3a00000,0x00000000c43e91a8,0x00000000c6380000)
 Metaspace       used 17912K, capacity 18378K, committed 18560K, reserved 1064960K
  class space    used 2208K, capacity 2361K, committed 2432K, reserved 1048576K
}
Event: 10,248 GC heap before
{Heap before GC invocations=7 (full 0):
 PSYoungGen      total 71168K, used 68884K [0x00000000ebe00000, 0x00000000f0b00000, 0x0000000100000000)
  eden space 63488K, 100% used [0x00000000ebe00000,0x00000000efc00000,0x00000000efc00000)
  from space 7680K, 70% used [0x00000000f0380000,0x00000000f08c5200,0x00000000f0b00000)
  to   space 7680K, 0% used [0x00000000efc00000,0x00000000efc00000,0x00000000f0380000)
 ParOldGen       total 42496K, used 10148K [0x00000000c3a00000, 0x00000000c6380000, 0x00000000ebe00000)
  object space 42496K, 23% used [0x00000000c3a00000,0x00000000c43e91a8,0x00000000c6380000)
 Metaspace       used 18711K, capacity 19234K, committed 19456K, reserved 1067008K
  class space    used 2264K, capacity 2433K, committed 2560K, reserved 1048576K
Event: 10,298 GC heap after
Heap after GC invocations=7 (full 0):
 PSYoungGen      total 71168K, used 6559K [0x00000000ebe00000, 0x00000000f4a00000, 0x0000000100000000)
  eden space 63488K, 0% used [0x00000000ebe00000,0x00000000ebe00000,0x00000000efc00000)
  from space 7680K, 85% used [0x00000000efc00000,0x00000000f0267c28,0x00000000f0380000)
  to   space 8192K, 0% used [0x00000000f4200000,0x00000000f4200000,0x00000000f4a00000)
 ParOldGen       total 42496K, used 10792K [0x00000000c3a00000, 0x00000000c6380000, 0x00000000ebe00000)
  object space 42496K, 25% used [0x00000000c3a00000,0x00000000c448a1f8,0x00000000c6380000)
 Metaspace       used 18711K, capacity 19234K, committed 19456K, reserved 1067008K
  class space    used 2264K, capacity 2433K, committed 2560K, reserved 1048576K
}
Event: 13,360 GC heap before
{Heap before GC invocations=8 (full 0):
 PSYoungGen      total 71168K, used 37099K [0x00000000ebe00000, 0x00000000f4a00000, 0x0000000100000000)
  eden space 63488K, 48% used [0x00000000ebe00000,0x00000000edbd32a0,0x00000000efc00000)
  from space 7680K, 85% used [0x00000000efc00000,0x00000000f0267c28,0x00000000f0380000)
  to   space 8192K, 0% used [0x00000000f4200000,0x00000000f4200000,0x00000000f4a00000)
 ParOldGen       total 42496K, used 10792K [0x00000000c3a00000, 0x00000000c6380000, 0x00000000ebe00000)
  object space 42496K, 25% used [0x00000000c3a00000,0x00000000c448a1f8,0x00000000c6380000)
 Metaspace       used 20510K, capacity 21188K, committed 21296K, reserved 1069056K
  class space    used 2478K, capacity 2682K, committed 2688K, reserved 1048576K
Event: 13,446 GC heap after
Heap after GC invocations=8 (full 0):
 PSYoungGen      total 134656K, used 6717K [0x00000000ebe00000, 0x00000000f4b00000, 0x0000000100000000)
  eden space 126464K, 0% used [0x00000000ebe00000,0x00000000ebe00000,0x00000000f3980000)
  from space 8192K, 82% used [0x00000000f4200000,0x00000000f488f688,0x00000000f4a00000)
  to   space 8704K, 0% used [0x00000000f3980000,0x00000000f3980000,0x00000000f4200000)
 ParOldGen       total 42496K, used 11586K [0x00000000c3a00000, 0x00000000c6380000, 0x00000000ebe00000)
  object space 42496K, 27% used [0x00000000c3a00000,0x00000000c4550a28,0x00000000c6380000)
 Metaspace       used 20510K, capacity 21188K, committed 21296K, reserved 1069056K
  class space    used 2478K, capacity 2682K, committed 2688K, reserved 1048576K
}
Event: 13,446 GC heap before
{Heap before GC invocations=9 (full 1):
 PSYoungGen      total 134656K, used 6717K [0x00000000ebe00000, 0x00000000f4b00000, 0x0000000100000000)
  eden space 126464K, 0% used [0x00000000ebe00000,0x00000000ebe00000,0x00000000f3980000)
  from space 8192K, 82% used [0x00000000f4200000,0x00000000f488f688,0x00000000f4a00000)
  to   space 8704K, 0% used [0x00000000f3980000,0x00000000f3980000,0x00000000f4200000)
 ParOldGen       total 42496K, used 11586K [0x00000000c3a00000, 0x00000000c6380000, 0x00000000ebe00000)
  object space 42496K, 27% used [0x00000000c3a00000,0x00000000c4550a28,0x00000000c6380000)
 Metaspace       used 20510K, capacity 21188K, committed 21296K, reserved 1069056K
  class space    used 2478K, capacity 2682K, committed 2688K, reserved 1048576K
Event: 13,622 GC heap after
Heap after GC invocations=9 (full 1):
 PSYoungGen      total 134656K, used 0K [0x00000000ebe00000, 0x00000000f4b00000, 0x0000000100000000)
  eden space 126464K, 0% used [0x00000000ebe00000,0x00000000ebe00000,0x00000000f3980000)
  from space 8192K, 0% used [0x00000000f4200000,0x00000000f4200000,0x00000000f4a00000)
  to   space 8704K, 0% used [0x00000000f3980000,0x00000000f3980000,0x00000000f4200000)
 ParOldGen       total 39424K, used 11889K [0x00000000c3a00000, 0x00000000c6080000, 0x00000000ebe00000)
  object space 39424K, 30% used [0x00000000c3a00000,0x00000000c459c798,0x00000000c6080000)
 Metaspace       used 20510K, capacity 21188K, committed 21296K, reserved 1069056K
  class space    used 2478K, capacity 2682K, committed 2688K, reserved 1048576K
}
Event: 21,635 GC heap before
{Heap before GC invocations=10 (full 1):
 PSYoungGen      total 134656K, used 77073K [0x00000000ebe00000, 0x00000000f4b00000, 0x0000000100000000)
  eden space 126464K, 60% used [0x00000000ebe00000,0x00000000f0944620,0x00000000f3980000)
  from space 8192K, 0% used [0x00000000f4200000,0x00000000f4200000,0x00000000f4a00000)
  to   space 8704K, 0% used [0x00000000f3980000,0x00000000f3980000,0x00000000f4200000)
 ParOldGen       total 39424K, used 11889K [0x00000000c3a00000, 0x00000000c6080000, 0x00000000ebe00000)
  object space 39424K, 30% used [0x00000000c3a00000,0x00000000c459c798,0x00000000c6080000)
 Metaspace       used 27125K, capacity 27954K, committed 28288K, reserved 1073152K
  class space    used 3305K, capacity 3604K, committed 3712K, reserved 1048576K

